0 info it worked if it ends with ok
1 verbose cli [ '/home/ubuntu/.nvm/v0.10.35/bin/node',
1 verbose cli   '/home/ubuntu/.nvm/v0.10.35/bin/npm',
1 verbose cli   'install',
1 verbose cli   'express-flash-notication',
1 verbose cli   '--save' ]
2 info using npm@1.4.28
3 info using node@v0.10.35
4 warn package.json SEEV@0.0.1 No repository field.
5 verbose readDependencies using package.json deps
6 verbose cache add [ 'express-flash-notication', null ]
7 verbose cache add name=undefined spec="express-flash-notication" args=["express-flash-notication",null]
8 verbose parsed url { protocol: null,
8 verbose parsed url   slashes: null,
8 verbose parsed url   auth: null,
8 verbose parsed url   host: null,
8 verbose parsed url   port: null,
8 verbose parsed url   hostname: null,
8 verbose parsed url   hash: null,
8 verbose parsed url   search: null,
8 verbose parsed url   query: null,
8 verbose parsed url   pathname: 'express-flash-notication',
8 verbose parsed url   path: 'express-flash-notication',
8 verbose parsed url   href: 'express-flash-notication' }
9 silly lockFile dd2b586f-express-flash-notication express-flash-notication
10 verbose lock express-flash-notication /home/ubuntu/.npm/dd2b586f-express-flash-notication.lock
11 silly lockFile dd2b586f-express-flash-notication express-flash-notication
12 silly lockFile dd2b586f-express-flash-notication express-flash-notication
13 verbose addNamed [ 'express-flash-notication', '' ]
14 verbose addNamed [ null, '*' ]
15 silly lockFile 55524c13-express-flash-notication express-flash-notication@
16 verbose lock express-flash-notication@ /home/ubuntu/.npm/55524c13-express-flash-notication.lock
17 silly addNameRange { name: 'express-flash-notication', range: '*', hasData: false }
18 verbose request where is /express-flash-notication
19 verbose request registry https://registry.npmjs.org/
20 verbose request id 3390c7bd8f21e90e
21 verbose url raw /express-flash-notication
22 verbose url resolving [ 'https://registry.npmjs.org/', './express-flash-notication' ]
23 verbose url resolved https://registry.npmjs.org/express-flash-notication
24 verbose request where is https://registry.npmjs.org/express-flash-notication
25 info trying registry request attempt 1 at 04:14:47
26 http GET https://registry.npmjs.org/express-flash-notication
27 http 404 https://registry.npmjs.org/express-flash-notication
28 verbose headers { server: 'CouchDB/1.5.0 (Erlang OTP/R16B03)',
28 verbose headers   'content-type': 'application/json',
28 verbose headers   'cache-control': 'max-age=0',
28 verbose headers   'content-length': '51',
28 verbose headers   'accept-ranges': 'bytes',
28 verbose headers   date: 'Thu, 04 Jun 2015 04:14:48 GMT',
28 verbose headers   via: '1.1 varnish',
28 verbose headers   age: '0',
28 verbose headers   connection: 'keep-alive',
28 verbose headers   'x-served-by': 'cache-hkg6825-HKG',
28 verbose headers   'x-cache': 'MISS',
28 verbose headers   'x-cache-hits': '0',
28 verbose headers   'x-timer': 'S1433391287.697716,VS0,VE655' }
29 silly registry.get cb [ 404,
29 silly registry.get   { server: 'CouchDB/1.5.0 (Erlang OTP/R16B03)',
29 silly registry.get     'content-type': 'application/json',
29 silly registry.get     'cache-control': 'max-age=0',
29 silly registry.get     'content-length': '51',
29 silly registry.get     'accept-ranges': 'bytes',
29 silly registry.get     date: 'Thu, 04 Jun 2015 04:14:48 GMT',
29 silly registry.get     via: '1.1 varnish',
29 silly registry.get     age: '0',
29 silly registry.get     connection: 'keep-alive',
29 silly registry.get     'x-served-by': 'cache-hkg6825-HKG',
29 silly registry.get     'x-cache': 'MISS',
29 silly registry.get     'x-cache-hits': '0',
29 silly registry.get     'x-timer': 'S1433391287.697716,VS0,VE655' } ]
30 silly lockFile 55524c13-express-flash-notication express-flash-notication@
31 silly lockFile 55524c13-express-flash-notication express-flash-notication@
32 error 404 404 Not Found: express-flash-notication
32 error 404
32 error 404 'express-flash-notication' is not in the npm registry.
32 error 404 You should bug the author to publish it
32 error 404 It was specified as a dependency of 'SEEV'
32 error 404
32 error 404 Note that you can also install from a
32 error 404 tarball, folder, or http url, or git url.
33 error System Linux 3.14.13-c9
34 error command "/home/ubuntu/.nvm/v0.10.35/bin/node" "/home/ubuntu/.nvm/v0.10.35/bin/npm" "install" "express-flash-notication" "--save"
35 error cwd /home/ubuntu/workspace
36 error node -v v0.10.35
37 error npm -v 1.4.28
38 error code E404
39 verbose exit [ 1, true ]
